Error: Запуск програми
Error: Зчитування автострахування з консолі
Error: Помилка введення даних
Error: Запуск програми
Error: Зчитування автострахування з консолі
Error: Помилка введення данихError: Запуск програми
Error: Запуск програми
Error: Запуск програми
Error: Вихід з програми
Error: Запуск програми
Error: Вихід з програми
Error: Запуск програми
Error: Вихід з програми
Error: Запуск програми
Error: Зчитування автострахування з консолі
Error: Помилка введення даних
Error: Вихід з програми
Error: Запуск програми
Error: Зчитування автострахування з консолі
Error: Помилка введення даних
Error: Запуск програми
Error: Початок сканування деривативних даних з файлу
Error: Сканування автострахування
Error: Сканування медичного страхування
Error: Сканування страхування нерухомості
Error: Кінець сканування деривативних даних з файлу
Error: Зчитування автострахування з консолі
Error: Зчитування медичного страхування з консолі
Error: Виведення деривативу на екран
Error: Сортування деривативу
Error: Виведення деривативу на екран
Error: Видалення елементу деривативу
Error: Початок сканування деривативних даних з файлу
Error: Неправильний шлях до файлу
Error: Збереження деривативу в файл
Error: Запуск програми
Error: Початок сканування деривативних даних з файлу
Error: Сканування автострахування
Error: Сканування медичного страхування
Error: Сканування страхування нерухомості
Error: Кінець сканування деривативних даних з файлу
Error: Зчитування автострахування з консолі
Error: Зчитування медичного страхування з консолі
Error: Виведення деривативу на екран
Error: Сортування деривативу
Error: Видалення елементу деривативу
Error: Збереження деривативу в файл
Error: Початок сканування деривативних даних з файлу
Error: Неправильний шлях до файлу
Error: Вихід з програми
